<?xml version="1.0" encoding="UTF-8"?>
<!-- Generated by org.testng.reporters.JUnitReportReporter -->
<testsuite skipped="0" hostname="LAPTOP-UOPT8SS9" name="com.demoaut.newtours.Mavendemo.BookTicketTest" tests="1" failures="0" timestamp="08 Feb 2019 22:11:33 GMT" time="6.635" errors="0">
  <testcase name="TicketBooking" time="6.635" classname="com.demoaut.newtours.Mavendemo.BookTicketTest"/>
</testsuite> <!-- com.demoaut.newtours.Mavendemo.BookTicketTest -->
