<?xml version="1.0" encoding="UTF-8"?>
<!-- Generated by org.testng.reporters.JUnitReportReporter -->
<testsuite skipped="0" hostname="LAPTOP-UOPT8SS9" name="com.demoaut.newtours.Mavendemo.ValidateUser" tests="1" failures="0" timestamp="08 Feb 2019 22:11:33 GMT" time="4.285" errors="0">
  <testcase name="UserValidation" time="4.285" classname="com.demoaut.newtours.Mavendemo.ValidateUser"/>
</testsuite> <!-- com.demoaut.newtours.Mavendemo.ValidateUser -->
